<?xml version="1.0" encoding="UTF-8"?>
<!-- Generated by org.testng.reporters.JUnitReportReporter -->
<testsuite skipped="0" hostname="LAPTOP-QMCOBSTM" name="com.cucumberFramework.Testrunner.TestRunner" tests="2" failures="0" timestamp="2020-09-09T12:14:04 IST" time="98.781" errors="0">
  <testcase name="feature" time="50.146" classname="com.cucumberFramework.Testrunner.TestRunner"/>
  <system-out/>
  <testcase name="feature" time="48.635" classname="com.cucumberFramework.Testrunner.TestRunner"/>
  <system-out/>
</testsuite> <!-- com.cucumberFramework.Testrunner.TestRunner -->
