<?xml version="1.0" encoding="UTF-8"?>
<!-- Generated by org.testng.reporters.JUnitReportReporter -->
<testsuite skipped="0" hostname="LAPTOP-QMCOBSTM" name="com.ashenlive.selenium_bdd_with_cucumber.TestRunner" tests="2" failures="0" timestamp="2020-06-07T22:08:23 IST" time="0.077" errors="0">
  <testcase name="feature" time="0.020" classname="com.ashenlive.selenium_bdd_with_cucumber.TestRunner"/>
  <system-out/>
  <testcase name="feature" time="0.057" classname="com.ashenlive.selenium_bdd_with_cucumber.TestRunner"/>
  <system-out/>
</testsuite> <!-- com.ashenlive.selenium_bdd_with_cucumber.TestRunner -->
