<?xml version="1.0" encoding="UTF-8"?>
<!-- Generated by org.testng.reporters.JUnitReportReporter -->
<testsuite skipped="0" hostname="LAPTOP-QMCOBSTM" name="com.selenium_bdd_with_cucumber.TestRunner" tests="1" failures="0" timestamp="2020-06-10T20:31:24 IST" time="0.414" errors="0">
  <testcase name="feature" time="0.414" classname="com.selenium_bdd_with_cucumber.TestRunner"/>
  <system-out/>
</testsuite> <!-- com.selenium_bdd_with_cucumber.TestRunner -->
